<?xml version="1.0" encoding="UTF-8"?>
<testng-results ignored="0" total="1" passed="1" failed="0" skipped="0">
  <reporter-output>
  </reporter-output>
  <suite started-at="2024-09-15T18:30:30 IST" name="Default suite" finished-at="2024-09-15T18:30:41 IST" duration-ms="10987">
    <groups>
    </groups>
    <test started-at="2024-09-15T18:30:30 IST" name="Default test" finished-at="2024-09-15T18:30:41 IST" duration-ms="10987">
      <class name="testCases.TC001_LoginTest">
        <test-method is-config="true" signature="launchApplication()[pri:0, instance:testCases.TC001_LoginTest@247310d0]" started-at="2024-09-15T18:30:30 IST" name="launchApplication" finished-at="2024-09-15T18:30:37 IST" duration-ms="7487" status="PASS">
          <reporter-output>
          </reporter-output>
        </test-method> <!-- launchApplication -->
        <test-method signature="loginApp()[pri:0, instance:testCases.TC001_LoginTest@247310d0]" started-at="2024-09-15T18:30:37 IST" name="loginApp" finished-at="2024-09-15T18:30:40 IST" duration-ms="3025" status="PASS">
          <reporter-output>
          </reporter-output>
        </test-method> <!-- loginApp -->
        <test-method is-config="true" signature="tearDown()[pri:0, instance:testCases.TC001_LoginTest@247310d0]" started-at="2024-09-15T18:30:40 IST" name="tearDown" finished-at="2024-09-15T18:30:41 IST" duration-ms="382" status="PASS">
          <reporter-output>
          </reporter-output>
        </test-method> <!-- tearDown -->
      </class> <!-- testCases.TC001_LoginTest -->
    </test> <!-- Default test -->
  </suite> <!-- Default suite -->
</testng-results>
